==11321== Memcheck, a memory error detector
==11321== Copyright (C) 2002-2012, and GNU GPL'd, by Julian Seward et al.
==11321== Using Valgrind-3.8.1 and LibVEX; rerun with -h for copyright info
==11321== Command: ./run
==11321== Parent PID: 30432
==11321== 
--11321-- 
--11321-- Valgrind options:
--11321--    --tool=memcheck
--11321--    --leak-check=full
--11321--    --verbose
--11321--    --log-file=memcheck.log
--11321-- Contents of /proc/version:
--11321--   Linux version 2.6.32-431.23.3.el6.x86_64 (mockbuild@x86-027.build.eng.bos.redhat.com) (gcc version 4.4.7 20120313 (Red Hat 4.4.7-4) (GCC) ) #1 SMP Wed Jul 16 06:12:23 EDT 2014
--11321-- Arch and hwcaps: AMD64, amd64-sse3-cx16
--11321-- Page sizes: currently 4096, max supported 4096
--11321-- Valgrind library directory: /usr/lib64/valgrind
--11321-- Reading syms from /home/shay/a/vmanja/ECE264/solutions/demo/PA01/run
--11321-- Reading syms from /usr/lib64/valgrind/memcheck-amd64-linux
--11321--    object doesn't have a dynamic symbol table
--11321-- Reading syms from /lib64/ld-2.12.so
--11321-- Scheduler: using generic scheduler lock implementation.
--11321-- Reading suppressions file: /usr/lib64/valgrind/default.supp
==11321== embedded gdbserver: reading from /tmp/vgdb-pipe-from-vgdb-to-11321-by-vmanja-on-ecegrid-thin1.ecn.purdue.edu
==11321== embedded gdbserver: writing to   /tmp/vgdb-pipe-to-vgdb-from-11321-by-vmanja-on-ecegrid-thin1.ecn.purdue.edu
==11321== embedded gdbserver: shared mem   /tmp/vgdb-pipe-shared-mem-vgdb-11321-by-vmanja-on-ecegrid-thin1.ecn.purdue.edu
==11321== 
==11321== TO CONTROL THIS PROCESS USING vgdb (which you probably
==11321== don't want to do, unless you know exactly what you're doing,
==11321== or are doing some strange experiment):
==11321==   /usr/lib64/valgrind/../../bin/vgdb --pid=11321 ...command...
==11321== 
==11321== TO DEBUG THIS PROCESS USING GDB: start GDB like this
==11321==   /path/to/gdb ./run
==11321== and then give GDB the following command
==11321==   target remote | /usr/lib64/valgrind/../../bin/vgdb --pid=11321
==11321== --pid is optional if only one valgrind process is running
==11321== 
--11321-- REDIR: 0x310ee17530 (strlen) redirected to 0x38049551 (vgPlain_amd64_linux_REDIR_FOR_strlen)
--11321-- Reading syms from /usr/lib64/valgrind/vgpreload_core-amd64-linux.so
--11321-- Reading syms from /usr/lib64/valgrind/vgpreload_memcheck-amd64-linux.so
--11321-- REDIR: 0x310ee173a0 (index) redirected to 0x4a07bf0 (index)
--11321-- REDIR: 0x310ee17420 (strcmp) redirected to 0x4a08530 (strcmp)
--11321-- Reading syms from /lib64/libc-2.12.so
--11321-- REDIR: 0x310f284fc0 (strcasecmp) redirected to 0x480155c (_vgnU_ifunc_wrapper)
--11321-- REDIR: 0x310f287280 (strncasecmp) redirected to 0x480155c (_vgnU_ifunc_wrapper)
--11321-- REDIR: 0x310f282f30 (__GI_strrchr) redirected to 0x4a07a70 (__GI_strrchr)
--11321-- REDIR: 0x310f281450 (__GI_strlen) redirected to 0x4a07f70 (__GI_strlen)
--11321-- REDIR: 0x310f2847f0 (mempcpy) redirected to 0x4a09f80 (mempcpy)
--11321-- REDIR: 0x310f28ade0 (strchrnul) redirected to 0x4a09f10 (strchrnul)
--11321-- REDIR: 0x310f27b810 (free) redirected to 0x4a06369 (free)
==11321== 
==11321== HEAP SUMMARY:
==11321==     in use at exit: 0 bytes in 0 blocks
==11321==   total heap usage: 0 allocs, 0 frees, 0 bytes allocated
==11321== 
==11321== All heap blocks were freed -- no leaks are possible
==11321== 
==11321== ERROR SUMMARY: 0 errors from 0 contexts (suppressed: 6 from 6)
--11321-- 
--11321-- used_suppression:      4 U1004-ARM-_dl_relocate_object
--11321-- used_suppression:      2 glibc-2.5.x-on-SUSE-10.2-(PPC)-2a
==11321== 
==11321== ERROR SUMMARY: 0 errors from 0 contexts (suppressed: 6 from 6)
