==1033== Memcheck, a memory error detector
==1033== Copyright (C) 2002-2012, and GNU GPL'd, by Julian Seward et al.
==1033== Using Valgrind-3.8.1 and LibVEX; rerun with -h for copyright info
==1033== Command: ./pa06 sample.3.9x7
==1033== Parent PID: 8283
==1033== 
--1033-- 
--1033-- Valgrind options:
--1033--    --tool=memcheck
--1033--    --leak-check=full
--1033--    --verbose
--1033--    --log-file=memcheck.log
--1033-- Contents of /proc/version:
--1033--   Linux version 2.6.32-431.29.2.el6.x86_64 (mockbuild@x86-026.build.eng.bos.redhat.com) (gcc version 4.4.7 20120313 (Red Hat 4.4.7-4) (GCC) ) #1 SMP Sun Jul 27 15:55:46 EDT 2014
--1033-- Arch and hwcaps: AMD64, amd64-sse3-cx16
--1033-- Page sizes: currently 4096, max supported 4096
--1033-- Valgrind library directory: /usr/lib64/valgrind
--1033-- Reading syms from /home/shay/a/vmanja/ECE264/solutions/demo/PA06/pa06
--1033-- Reading syms from /lib64/ld-2.12.so
--1033--   Considering /usr/lib/debug/.build-id/3b/fa45bce0e82e1d90d37a0cc8630f97f2003bf5.debug ..
--1033--   .. build-id is valid
--1033-- Reading syms from /usr/lib64/valgrind/memcheck-amd64-linux
--1033--    object doesn't have a dynamic symbol table
--1033-- Scheduler: using generic scheduler lock implementation.
--1033-- Reading suppressions file: /usr/lib64/valgrind/default.supp
==1033== embedded gdbserver: reading from /tmp/vgdb-pipe-from-vgdb-to-1033-by-vmanja-on-ecegrid-thin1.ecn.purdue.edu
==1033== embedded gdbserver: writing to   /tmp/vgdb-pipe-to-vgdb-from-1033-by-vmanja-on-ecegrid-thin1.ecn.purdue.edu
==1033== embedded gdbserver: shared mem   /tmp/vgdb-pipe-shared-mem-vgdb-1033-by-vmanja-on-ecegrid-thin1.ecn.purdue.edu
==1033== 
==1033== TO CONTROL THIS PROCESS USING vgdb (which you probably
==1033== don't want to do, unless you know exactly what you're doing,
==1033== or are doing some strange experiment):
==1033==   /usr/lib64/valgrind/../../bin/vgdb --pid=1033 ...command...
==1033== 
==1033== TO DEBUG THIS PROCESS USING GDB: start GDB like this
==1033==   /path/to/gdb ./pa06
==1033== and then give GDB the following command
==1033==   target remote | /usr/lib64/valgrind/../../bin/vgdb --pid=1033
==1033== --pid is optional if only one valgrind process is running
==1033== 
--1033-- REDIR: 0x4017610 (strlen) redirected to 0x38049551 (vgPlain_amd64_linux_REDIR_FOR_strlen)
--1033-- Reading syms from /usr/lib64/valgrind/vgpreload_core-amd64-linux.so
--1033-- Reading syms from /usr/lib64/valgrind/vgpreload_memcheck-amd64-linux.so
--1033-- REDIR: 0x4017480 (index) redirected to 0x4c28c30 (index)
--1033-- REDIR: 0x4017500 (strcmp) redirected to 0x4c29570 (strcmp)
--1033-- Reading syms from /lib64/libm-2.12.so
--1033--   Considering /usr/lib/debug/.build-id/ba/a4d2fbb45b33028e58c6c4524d5f0d69c0fd60.debug ..
--1033--   .. build-id is valid
--1033-- Reading syms from /lib64/libc-2.12.so
--1033--   Considering /usr/lib/debug/.build-id/73/3ad3a438b5a695f7a63a77413f9b2c8c94e8e6.debug ..
--1033--   .. build-id is valid
--1033-- REDIR: 0x5137cd0 (strcasecmp) redirected to 0x4a2255c (_vgnU_ifunc_wrapper)
--1033-- REDIR: 0x5139f90 (strncasecmp) redirected to 0x4a2255c (_vgnU_ifunc_wrapper)
--1033-- REDIR: 0x5135c40 (__GI_strrchr) redirected to 0x4c28ab0 (__GI_strrchr)
--1033-- REDIR: 0x512d640 (malloc) redirected to 0x4c279ac (malloc)
--1033-- REDIR: 0x5136350 (memchr) redirected to 0x4c29610 (memchr)
--1033-- REDIR: 0x513c670 (memcpy) redirected to 0x4c29b60 (memcpy)
--1033-- REDIR: 0x5134120 (strlen) redirected to 0x4a2255c (_vgnU_ifunc_wrapper)
--1033-- REDIR: 0x51e66f0 (__strlen_sse42) redirected to 0x4c28f90 (strlen)
--1033-- REDIR: 0x512e520 (free) redirected to 0x4c273a9 (free)
--1033-- REDIR: 0x513daf0 (strchrnul) redirected to 0x4c2afb0 (strchrnul)
--1033-- REDIR: 0x5134160 (__GI_strlen) redirected to 0x4c28fb0 (__GI_strlen)
==1033== 
==1033== HEAP SUMMARY:
==1033==     in use at exit: 0 bytes in 0 blocks
==1033==   total heap usage: 9 allocs, 9 frees, 1,384 bytes allocated
==1033== 
==1033== All heap blocks were freed -- no leaks are possible
==1033== 
==1033== ERROR SUMMARY: 0 errors from 0 contexts (suppressed: 6 from 6)
--1033-- 
--1033-- used_suppression:      4 U1004-ARM-_dl_relocate_object
--1033-- used_suppression:      2 glibc-2.5.x-on-SUSE-10.2-(PPC)-2a
==1033== 
==1033== ERROR SUMMARY: 0 errors from 0 contexts (suppressed: 6 from 6)
