==22921== Memcheck, a memory error detector
==22921== Copyright (C) 2002-2012, and GNU GPL'd, by Julian Seward et al.
==22921== Using Valgrind-3.8.1 and LibVEX; rerun with -h for copyright info
==22921== Command: ./run images/corrupt-testcases/05-big-width-height.ee264
==22921== Parent PID: 2084
==22921== 
--22921-- 
--22921-- Valgrind options:
--22921--    --tool=memcheck
--22921--    --leak-check=full
--22921--    --verbose
--22921--    --log-file=memcheck.log
--22921-- Contents of /proc/version:
--22921--   Linux version 2.6.32-431.29.2.el6.x86_64 (mockbuild@x86-026.build.eng.bos.redhat.com) (gcc version 4.4.7 20120313 (Red Hat 4.4.7-4) (GCC) ) #1 SMP Sun Jul 27 15:55:46 EDT 2014
--22921-- Arch and hwcaps: AMD64, amd64-sse3-cx16
--22921-- Page sizes: currently 4096, max supported 4096
--22921-- Valgrind library directory: /usr/lib64/valgrind
--22921-- Reading syms from /home/shay/a/vmanja/ECE264/solutions/demo/PA07/run
--22921-- Reading syms from /usr/lib64/valgrind/memcheck-amd64-linux
--22921--    object doesn't have a dynamic symbol table
--22921-- Reading syms from /lib64/ld-2.12.so
--22921--   Considering /usr/lib/debug/.build-id/3b/fa45bce0e82e1d90d37a0cc8630f97f2003bf5.debug ..
--22921--   .. build-id is valid
--22921-- Scheduler: using generic scheduler lock implementation.
--22921-- Reading suppressions file: /usr/lib64/valgrind/default.supp
==22921== embedded gdbserver: reading from /tmp/vgdb-pipe-from-vgdb-to-22921-by-vmanja-on-ecegrid-thin1.ecn.purdue.edu
==22921== embedded gdbserver: writing to   /tmp/vgdb-pipe-to-vgdb-from-22921-by-vmanja-on-ecegrid-thin1.ecn.purdue.edu
==22921== embedded gdbserver: shared mem   /tmp/vgdb-pipe-shared-mem-vgdb-22921-by-vmanja-on-ecegrid-thin1.ecn.purdue.edu
==22921== 
==22921== TO CONTROL THIS PROCESS USING vgdb (which you probably
==22921== don't want to do, unless you know exactly what you're doing,
==22921== or are doing some strange experiment):
==22921==   /usr/lib64/valgrind/../../bin/vgdb --pid=22921 ...command...
==22921== 
==22921== TO DEBUG THIS PROCESS USING GDB: start GDB like this
==22921==   /path/to/gdb ./run
==22921== and then give GDB the following command
==22921==   target remote | /usr/lib64/valgrind/../../bin/vgdb --pid=22921
==22921== --pid is optional if only one valgrind process is running
==22921== 
--22921-- REDIR: 0x35ff417610 (strlen) redirected to 0x38049551 (vgPlain_amd64_linux_REDIR_FOR_strlen)
--22921-- Reading syms from /usr/lib64/valgrind/vgpreload_core-amd64-linux.so
--22921-- Reading syms from /usr/lib64/valgrind/vgpreload_memcheck-amd64-linux.so
--22921-- REDIR: 0x35ff417480 (index) redirected to 0x4a07c30 (index)
--22921-- REDIR: 0x35ff417500 (strcmp) redirected to 0x4a08570 (strcmp)
--22921-- Reading syms from /lib64/libc-2.12.so
--22921--   Considering /usr/lib/debug/.build-id/73/3ad3a438b5a695f7a63a77413f9b2c8c94e8e6.debug ..
--22921--   .. build-id is valid
--22921-- REDIR: 0x35ff884cd0 (strcasecmp) redirected to 0x480155c (_vgnU_ifunc_wrapper)
--22921-- REDIR: 0x35ff886f90 (strncasecmp) redirected to 0x480155c (_vgnU_ifunc_wrapper)
--22921-- REDIR: 0x35ff882c40 (__GI_strrchr) redirected to 0x4a07ab0 (__GI_strrchr)
--22921-- REDIR: 0x35ff87a640 (malloc) redirected to 0x4a069ac (malloc)
--22921-- REDIR: 0x35ff889670 (memcpy) redirected to 0x4a08b60 (memcpy)
==22921== Warning: set address range perms: large range [0x3aeed040, 0x112eed0a4) (undefined)
--22921-- REDIR: 0x35ff884500 (mempcpy) redirected to 0x4a0a020 (mempcpy)
--22921-- REDIR: 0x35ff88aaf0 (strchrnul) redirected to 0x4a09fb0 (strchrnul)
--22921-- REDIR: 0x35ff87b520 (free) redirected to 0x4a063a9 (free)
==22921== Warning: set address range perms: large range [0x3aeed028, 0x112eed0bc) (noaccess)
==22921== 
==22921== HEAP SUMMARY:
==22921==     in use at exit: 0 bytes in 0 blocks
==22921==   total heap usage: 3 allocs, 3 frees, 3,623,879,348 bytes allocated
==22921== 
==22921== All heap blocks were freed -- no leaks are possible
==22921== 
==22921== ERROR SUMMARY: 0 errors from 0 contexts (suppressed: 6 from 6)
--22921-- 
--22921-- used_suppression:      4 U1004-ARM-_dl_relocate_object
--22921-- used_suppression:      2 glibc-2.5.x-on-SUSE-10.2-(PPC)-2a
==22921== 
==22921== ERROR SUMMARY: 0 errors from 0 contexts (suppressed: 6 from 6)
